<?xml version="1.0" encoding="UTF-8"?>
<coverage generated="1532695386166" clover="3.2.0">
  <project timestamp="1532695386166" name="All files">
    <metrics statements="15" coveredstatements="14" conditionals="5" coveredconditionals="4" methods="5" coveredmethods="4" elements="25" coveredelements="22" complexity="0" loc="15" ncloc="15" packages="1" files="2" classes="2">
      <file name="Hello.component.html" path="/mnt/c/Stuffs/Labs/VuejsJest/src/components/Hello.component.html">
        <metrics statements="1" coveredstatements="1" conditionals="0" coveredconditionals="0" methods="0" coveredmethods="0"/>
        <line num="1" count="1" type="stmt"/>
      </file>
      <file name="Hello.component.ts" path="/mnt/c/Stuffs/Labs/VuejsJest/src/components/Hello.component.ts">
        <metrics statements="14" coveredstatements="13" conditionals="5" coveredconditionals="4" methods="5" coveredmethods="4"/>
        <line num="1" count="1" type="stmt"/>
        <line num="3" count="4" type="cond" truecount="3" falsecount="0"/>
        <line num="6" count="1" type="stmt"/>
        <line num="7" count="1" type="stmt"/>
        <line num="8" count="1" type="stmt"/>
        <line num="10" count="4" type="stmt"/>
        <line num="12" count="1" type="stmt"/>
        <line num="13" count="1" type="stmt"/>
        <line num="16" count="1" type="stmt"/>
        <line num="17" count="1" type="cond" truecount="1" falsecount="1"/>
        <line num="18" count="1" type="stmt"/>
        <line num="22" count="1" type="stmt"/>
        <line num="23" count="0" type="stmt"/>
        <line num="25" count="1" type="stmt"/>
      </file>
    </metrics>
  </project>
</coverage>
