{"/mnt/c/Stuffs/Labs/VuejsJest/src/components/Hello.component.html": {"path":"/mnt/c/Stuffs/Labs/VuejsJest/src/components/Hello.component.html","statementMap":{"0":{"start":{"line":1,"column":0},"end":{"line":1,"column":173}}},"fnMap":{},"branchMap":{},"s":{"0":1},"f":{},"b":{},"_coverageSchema":"332fd63041d2c1bcb487cc26dd0d5f7d97098a6c","hash":"48f93a75caf692e83a4dd7c4e435861943930b48"}
,"/mnt/c/Stuffs/Labs/VuejsJest/src/components/Hello.component.ts": {"path":"/mnt/c/Stuffs/Labs/VuejsJest/src/components/Hello.component.ts","statementMap":{"0":{"start":{"line":1,"column":0},"end":{"line":1,"column":61}},"1":{"start":{"line":6,"column":0},"end":{"line":6,"column":47}},"2":{"start":{"line":6,"column":44},"end":{"line":6,"column":47}},"3":{"start":{"line":3,"column":0},"end":{"line":25,"column":0}},"4":{"start":{"line":10,"column":4},"end":{"line":10,"column":49}},"5":{"start":{"line":12,"column":4},"end":{"line":14,"column":5}},"6":{"start":{"line":13,"column":8},"end":{"line":13,"column":26}},"7":{"start":{"line":16,"column":4},"end":{"line":20,"column":5}},"8":{"start":{"line":17,"column":8},"end":{"line":19,"column":9}},"9":{"start":{"line":18,"column":12},"end":{"line":18,"column":30}},"10":{"start":{"line":22,"column":4},"end":{"line":24,"column":5}},"11":{"start":{"line":23,"column":8},"end":{"line":23,"column":52}},"12":{"start":{"line":7,"column":28},"end":{"line":7,"column":41}},"13":{"start":{"line":8,"column":40},"end":{"line":8,"column":67}},"14":{"start":{"line":6,"column":21},"end":{"line":25,"column":1}},"15":{"start":{"line":25,"column":0},"end":{"line":25,"column":1}}},"fnMap":{"0":{"name":"(anonymous_6)","decl":{"start":{"line":6,"column":0},"end":{"line":null,"column":-1}},"loc":{"start":{"line":6,"column":0},"end":{"line":6,"column":-1}}},"1":{"name":"HelloComponent","decl":{"start":{"line":3,"column":0},"end":{"line":null,"column":-1}},"loc":{"start":{"line":3,"column":0},"end":{"line":25,"column":1}}},"2":{"name":"(anonymous_8)","decl":{"start":{"line":12,"column":4},"end":{"line":null,"column":-1}},"loc":{"start":{"line":12,"column":4},"end":{"line":14,"column":5}}},"3":{"name":"(anonymous_9)","decl":{"start":{"line":16,"column":4},"end":{"line":null,"column":-1}},"loc":{"start":{"line":16,"column":4},"end":{"line":20,"column":5}}},"4":{"name":"(anonymous_10)","decl":{"start":{"line":22,"column":4},"end":{"line":null,"column":-1}},"loc":{"start":{"line":22,"column":4},"end":{"line":24,"column":5}}}},"branchMap":{"0":{"loc":{"start":{"line":3,"column":0},"end":{"line":25,"column":0}},"type":"binary-expr","locations":[{"start":{"line":3,"column":0},"end":{"line":25,"column":0}},{"start":{"line":3,"column":0},"end":{"line":25,"column":0}},{"start":{"line":3,"column":0},"end":{"line":25,"column":0}}]},"1":{"loc":{"start":{"line":17,"column":8},"end":{"line":19,"column":9}},"type":"if","locations":[{"start":{"line":17,"column":8},"end":{"line":19,"column":9}},{"start":{"line":17,"column":8},"end":{"line":19,"column":9}}]}},"s":{"0":1,"1":1,"2":1,"3":4,"4":4,"5":1,"6":1,"7":1,"8":1,"9":1,"10":1,"11":0,"12":1,"13":1,"14":1,"15":1},"f":{"0":1,"1":4,"2":1,"3":1,"4":0},"b":{"0":[4,4,4],"1":[1,0]}}
}
