TN:
SF:/mnt/c/Stuffs/Labs/VuejsJest/src/components/Hello.component.html
FNF:0
FNH:0
DA:1,1
LF:1
LH:1
BRF:0
BRH:0
end_of_record
TN:
SF:/mnt/c/Stuffs/Labs/VuejsJest/src/components/Hello.component.ts
FN:6,(anonymous_6)
FN:3,HelloComponent
FN:12,(anonymous_8)
FN:16,(anonymous_9)
FN:22,(anonymous_10)
FNF:5
FNH:4
FNDA:1,(anonymous_6)
FNDA:4,HelloComponent
FNDA:1,(anonymous_8)
FNDA:1,(anonymous_9)
FNDA:0,(anonymous_10)
DA:1,1
DA:3,4
DA:6,1
DA:7,1
DA:8,1
DA:10,4
DA:12,1
DA:13,1
DA:16,1
DA:17,1
DA:18,1
DA:22,1
DA:23,0
DA:25,1
LF:14
LH:13
BRDA:3,0,0,4
BRDA:3,0,1,4
BRDA:3,0,2,4
BRDA:17,1,0,1
BRDA:17,1,1,0
BRF:5
BRH:4
end_of_record
